{"C:\\Users\\anabe\\Projects\\Workplace\\form-api\\src\\controllers\\NomeControllers.ts": {"path":"C:\\Users\\anabe\\Projects\\Workplace\\form-api\\src\\controllers\\NomeControllers.ts","statementMap":{"0":{"start":{"line":3,"column":0},"end":{"line":3,"column":41}},"1":{"start":{"line":11,"column":21},"end":{"line":11,"column":39}},"2":{"start":{"line":13,"column":18},"end":{"line":15,"column":25}},"3":{"start":{"line":16,"column":4},"end":{"line":16,"column":27}},"4":{"start":{"line":20,"column":32},"end":{"line":20,"column":40}},"5":{"start":{"line":22,"column":16},"end":{"line":22,"column":38}},"6":{"start":{"line":24,"column":4},"end":{"line":40,"column":null}},"7":{"start":{"line":25,"column":6},"end":{"line":28,"column":9}},"8":{"start":{"line":29,"column":6},"end":{"line":29,"column":25}},"9":{"start":{"line":30,"column":6},"end":{"line":33,"column":54}},"10":{"start":{"line":35,"column":6},"end":{"line":35,"column":27}},"11":{"start":{"line":36,"column":6},"end":{"line":39,"column":9}},"12":{"start":{"line":9,"column":0},"end":{"line":9,"column":21}}},"fnMap":{"0":{"name":"(anonymous_1)","decl":{"start":{"line":10,"column":2},"end":{"line":10,"column":7}},"loc":{"start":{"line":10,"column":41},"end":{"line":17,"column":3}}},"1":{"name":"(anonymous_2)","decl":{"start":{"line":19,"column":2},"end":{"line":19,"column":7}},"loc":{"start":{"line":19,"column":42},"end":{"line":41,"column":3}}}},"branchMap":{"0":{"loc":{"start":{"line":14,"column":8},"end":{"line":14,"column":66}},"type":"cond-expr","locations":[{"start":{"line":14,"column":8},"end":{"line":14,"column":66}},{"start":{"line":15,"column":8},"end":{"line":15,"column":25}}]}},"s":{"0":1,"1":2,"2":2,"3":2,"4":3,"5":3,"6":3,"7":3,"8":2,"9":2,"10":1,"11":1,"12":1},"f":{"0":2,"1":3},"b":{"0":[1,1]}}
,"C:\\Users\\anabe\\Projects\\Workplace\\form-api\\src\\database\\migrations\\00_create_nome.ts": {"path":"C:\\Users\\anabe\\Projects\\Workplace\\form-api\\src\\database\\migrations\\00_create_nome.ts","statementMap":{"0":{"start":{"line":4,"column":2},"end":{"line":8,"column":5}},"1":{"start":{"line":5,"column":4},"end":{"line":5,"column":37}},"2":{"start":{"line":6,"column":4},"end":{"line":6,"column":39}},"3":{"start":{"line":7,"column":4},"end":{"line":7,"column":44}},"4":{"start":{"line":3,"column":0},"end":{"line":3,"column":7}},"5":{"start":{"line":12,"column":2},"end":{"line":12,"column":40}},"6":{"start":{"line":11,"column":0},"end":{"line":11,"column":7}}},"fnMap":{"0":{"name":"up","decl":{"start":{"line":3,"column":22},"end":{"line":3,"column":24}},"loc":{"start":{"line":3,"column":35},"end":{"line":9,"column":1}}},"1":{"name":"(anonymous_1)","decl":{"start":{"line":4,"column":42},"end":{"line":4,"column":43}},"loc":{"start":{"line":4,"column":52},"end":{"line":8,"column":3}}},"2":{"name":"down","decl":{"start":{"line":11,"column":22},"end":{"line":11,"column":26}},"loc":{"start":{"line":11,"column":37},"end":{"line":13,"column":1}}}},"branchMap":{},"s":{"0":1,"1":1,"2":1,"3":1,"4":1,"5":0,"6":1},"f":{"0":1,"1":1,"2":0},"b":{}}
}
