TN:
SF:src\controllers\NomeControllers.ts
FN:10,(anonymous_1)
FN:19,(anonymous_2)
FNF:2
FNH:2
FNDA:2,(anonymous_1)
FNDA:3,(anonymous_2)
DA:3,1
DA:9,1
DA:11,2
DA:13,2
DA:16,2
DA:20,3
DA:22,3
DA:24,3
DA:25,3
DA:29,2
DA:30,2
DA:35,1
DA:36,1
LF:13
LH:13
BRDA:14,0,0,1
BRDA:14,0,1,1
BRF:2
BRH:2
end_of_record
TN:
SF:src\database\migrations\00_create_nome.ts
FN:3,up
FN:4,(anonymous_1)
FN:11,down
FNF:3
FNH:2
FNDA:1,up
FNDA:1,(anonymous_1)
FNDA:0,down
DA:3,1
DA:4,1
DA:5,1
DA:6,1
DA:7,1
DA:11,1
DA:12,0
LF:7
LH:6
BRF:0
BRH:0
end_of_record
